<?xml version="1.0" encoding="UTF-8"?>
<!-- Generated by org.testng.reporters.JUnitReportReporter -->
<testsuite skipped="0" hostname="DESKTOP-9HF640C" name="Testworld" tests="1" failures="0" timestamp="2021-10-22T10:14:51 CDT" time="1.392" errors="0">
  <testcase name="logk" time="1.392" classname="Testworld"/>
  <system-out/>
</testsuite> <!-- Testworld -->
